<?xml version="1.0" encoding="utf-8"?><testsuites name="pytest tests"><testsuite name="pytest" errors="0" failures="0" skipped="0" tests="24" time="21.990" timestamp="2026-09-04T04:39:47.732084+00:00" hostname="agent-env-ff85f5b5-ffd8-4380-842c-9d2ba72e7663"><testcase classname="tests.test_forgot_ai_auth.TestAuth" name="test_register_new" time="0.533" /><testcase classname="tests.test_forgot_ai_auth.TestAuth" name="test_register_duplicate" time="0.160" /><testcase classname="tests.test_forgot_ai_auth.TestAuth" name="test_register_short_password" time="0.185" /><testcase classname="tests.test_forgot_ai_auth.TestAuth" name="test_login_ok" time="0.375" /><testcase classname="tests.test_forgot_ai_auth.TestAuth" name="test_login_wrong_password" time="0.354" /><testcase classname="tests.test_forgot_ai_auth.TestAuth" name="test_login_unknown_email" time="0.131" /><testcase classname="tests.test_forgot_ai_auth.TestAuth" name="test_me_requires_token" time="0.117" /><testcase classname="tests.test_forgot_ai_auth.TestAuth" name="test_me_with_token" time="0.425" /><testcase classname="tests.test_forgot_ai_auth.TestAuth" name="test_logout_invalidates_token" time="0.684" /><testcase classname="tests.test_forgot_ai_auth.TestIsolation" name="test_b_list_excludes_a" time="13.462" /><testcase classname="tests.test_forgot_ai_auth.TestIsolation" name="test_b_get_a_item_404" time="0.113" /><testcase classname="tests.test_forgot_ai_auth.TestIsolation" name="test_b_put_a_item_404" time="0.106" /><testcase classname="tests.test_forgot_ai_auth.TestIsolation" name="test_b_delete_a_item_404" time="0.114" /><testcase classname="tests.test_forgot_ai_auth.TestIsolation" name="test_b_pin_a_item_404" time="0.123" /><testcase classname="tests.test_forgot_ai_auth.TestIsolation" name="test_b_retry_a_item_404" time="0.110" /><testcase classname="tests.test_forgot_ai_auth.TestIsolation" name="test_b_ask_a_item_404" time="0.106" /><testcase classname="tests.test_forgot_ai_auth.TestIsolation" name="test_b_related_a_item_404" time="0.106" /><testcase classname="tests.test_forgot_ai_auth.TestIsolation" name="test_b_search_never_returns_a" time="0.133" /><testcase classname="tests.test_forgot_ai_auth.TestIsolation" name="test_b_chat_never_returns_a" time="0.109" /><testcase classname="tests.test_forgot_ai_auth.TestIsolation" name="test_image_file_scoped_to_owner" time="0.953" /><testcase classname="tests.test_forgot_ai_auth.TestImportFlow" name="test_register_auto_imports_anon_lib" time="0.683" /><testcase classname="tests.test_forgot_ai_auth.TestImportFlow" name="test_login_importable_count_and_import_endpoint" time="1.263" /><testcase classname="tests.test_forgot_ai_auth.TestImportFlow" name="test_import_default_returns_zero" time="0.473" /><testcase classname="tests.test_forgot_ai_auth.TestImportFlow" name="test_import_other_users_id_returns_zero" time="1.075" /></testsuite></testsuites>