<?xml version="1.0" encoding="utf-8"?><testsuites name="pytest tests"><testsuite name="pytest" errors="0" failures="0" skipped="0" tests="14" time="89.279" timestamp="2026-09-03T17:42:40.268736+00:00" hostname="agent-env-ff85f5b5-ffd8-4380-842c-9d2ba72e7663"><testcase classname="tests.test_forgot_ai" name="test_root" time="0.478" /><testcase classname="tests.test_forgot_ai" name="test_save_text_and_enrich" time="10.198" /><testcase classname="tests.test_forgot_ai" name="test_save_text_empty_returns_400" time="0.225" /><testcase classname="tests.test_forgot_ai" name="test_save_url" time="19.695" /><testcase classname="tests.test_forgot_ai" name="test_save_url_unreachable_still_ready" time="13.143" /><testcase classname="tests.test_forgot_ai" name="test_save_image" time="13.753" /><testcase classname="tests.test_forgot_ai" name="test_list_items" time="0.128" /><testcase classname="tests.test_forgot_ai" name="test_get_missing" time="0.120" /><testcase classname="tests.test_forgot_ai" name="test_semantic_search" time="8.333" /><testcase classname="tests.test_forgot_ai" name="test_search_empty_query" time="0.339" /><testcase classname="tests.test_forgot_ai" name="test_ask_item" time="4.394" /><testcase classname="tests.test_forgot_ai" name="test_update_item" time="0.381" /><testcase classname="tests.test_forgot_ai" name="test_retry" time="16.475" /><testcase classname="tests.test_forgot_ai" name="test_delete" time="0.915" /></testsuite></testsuites>