<?xml version="1.0" encoding="utf-8"?><testsuites name="pytest tests"><testsuite name="pytest" errors="0" failures="0" skipped="0" tests="12" time="83.439" timestamp="2026-09-03T18:46:20.627577+00:00" hostname="agent-env-ff85f5b5-ffd8-4380-842c-9d2ba72e7663"><testcase classname="tests.test_forgot_ai_deep" name="test_new_library_empty" time="0.500" /><testcase classname="tests.test_forgot_ai_deep" name="test_library_isolation_save_and_list" time="1.542" /><testcase classname="tests.test_forgot_ai_deep" name="test_duplicate_text" time="0.710" /><testcase classname="tests.test_forgot_ai_deep" name="test_duplicate_url_normalization" time="0.457" /><testcase classname="tests.test_forgot_ai_deep" name="test_duplicate_image_hash" time="1.110" /><testcase classname="tests.test_forgot_ai_deep" name="test_related_scoped" time="14.579" /><testcase classname="tests.test_forgot_ai_deep" name="test_chat_grounded" time="27.369" /><testcase classname="tests.test_forgot_ai_deep" name="test_chat_empty_library" time="0.282" /><testcase classname="tests.test_forgot_ai_deep" name="test_chat_isolated" time="3.596" /><testcase classname="tests.test_forgot_ai_deep" name="test_time_aware_search_today" time="20.688" /><testcase classname="tests.test_forgot_ai_deep" name="test_search_irrelevant_returns_empty" time="6.830" /><testcase classname="tests.test_forgot_ai_deep" name="test_search_isolated" time="5.156" /></testsuite></testsuites>